 
cpldfit:  version P.20131013                        Xilinx Inc.
                                  Fitter Report
Design Name: counter                             Date:  5-19-2018,  4:48PM
Device Used: XC9572-7-PC44
Fitting Status: Successful

*************************  Mapped Resource Summary  **************************

Macrocells     Product Terms    Function Block   Registers      Pins           
Used/Tot       Used/Tot         Inps Used/Tot    Used/Tot       Used/Tot       
4  /72  (  6%) 19  /360  (  5%) 18 /144 ( 12%)   4  /72  (  6%) 10 /34  ( 29%)

** Function Block Resources **

Function    Mcells      FB Inps     Signals     Pterms      IO          
Block       Used/Tot    Used/Tot    Used        Used/Tot    Used/Tot    
FB1           1/18        3/36        3           4/90       1/ 9
FB2           1/18        6/36        6           5/90       1/ 9
FB3           1/18        5/36        5           5/90       1/ 8
FB4           1/18        4/36        4           5/90       1/ 8
             -----       -----                   -----       -----     
              4/72       18/144                  19/360      4/34 

* - Resource is exhausted

** Global Control Resources **

Signal 'C' mapped onto global clock net GCK1.
Global output enable net(s) unused.
Global set/reset net(s) unused.

** Pin Resources **

Signal Type    Required     Mapped  |  Pin Type            Used    Total 
------------------------------------|------------------------------------
Input         :    5           5    |  I/O              :     9      28
Output        :    1           1    |  GCK/IO           :     1       3
Bidirectional :    3           3    |  GTS/IO           :     0       2
GCK           :    1           1    |  GSR/IO           :     0       1
GTS           :    0           0    |
GSR           :    0           0    |
                 ----        ----
        Total     10          10

** Power Data **

There are 4 macrocells in high performance mode (MCHP).
There are 0 macrocells in low power mode (MCLP).
End of Mapped Resource Summary
**************************  Errors and Warnings  ***************************

WARNING:Cpld - Unable to retrieve the path to the iSE Project Repository. Will
   use the default filename of 'counter.ise'.
*************************  Summary of Mapped Logic  ************************

** 4 Outputs **

Signal              Total Total Loc     Pin  Pin     Pin     Pwr  Slew Reg Init
Name                Pts   Inps          No.  Type    Use     Mode Rate State
Q<0>                4     3     FB1_2   1    I/O     I/O     STD  FAST RESET
Q<3>                5     6     FB2_2   35   I/O     O       STD  FAST RESET
Q<2>                5     5     FB3_2   11   I/O     I/O     STD  FAST RESET
Q<1>                5     4     FB4_2   24   I/O     I/O     STD  FAST RESET

** 6 Inputs **

Signal              Loc     Pin  Pin     Pin     
Name                        No.  Type    Use     
D<1>                FB1_8   4    I/O     I
C                   FB1_9   5~   GCK/I/O GCK
D<0>                FB2_5   36   I/O     I
ALOAD               FB2_8   38   I/O     I
D<3>                FB2_15  43   I/O     I
D<2>                FB4_11  28   I/O     I

Legend:
Pin No. - ~ - User Assigned
**************************  Function Block Details  ************************
Legend:
Total Pt     - Total product terms used by the macrocell signal
Imp Pt       - Product terms imported from other macrocells
Exp Pt       - Product terms exported to other macrocells
               in direction shown
Unused Pt    - Unused local product terms remaining in macrocell
Loc          - Location where logic was mapped in device
Pin Type/Use - I  - Input             GCK - Global Clock
               O  - Output            GTS - Global Output Enable
              (b) - Buried macrocell  GSR - Global Set/Reset
X(@)         - Signal used as input (wire-AND input) to the macrocell logic.
               The number of Signals Used may exceed the number of FB Inputs
               Used due to wire-ANDing in the switch matrix.
Pin No.      - ~  - User Assigned
*********************************** FB1  ***********************************
Number of function block inputs used/remaining:               3/33
Number of signals used by logic mapping into function block:  3
Signal              Total   Imp   Exp Unused  Loc     Pin   Pin     Pin
Name                Pt      Pt    Pt  Pt               #    Type    Use
(unused)              0       0     0   5     FB1_1         (b)     
Q<0>                  4       0     0   1     FB1_2   1     I/O     I/O
(unused)              0       0     0   5     FB1_3         (b)     
(unused)              0       0     0   5     FB1_4         (b)     
(unused)              0       0     0   5     FB1_5   2     I/O     
(unused)              0       0     0   5     FB1_6   3     I/O     
(unused)              0       0     0   5     FB1_7         (b)     
(unused)              0       0     0   5     FB1_8   4     I/O     I
(unused)              0       0     0   5     FB1_9   5     GCK/I/O GCK
(unused)              0       0     0   5     FB1_10        (b)     
(unused)              0       0     0   5     FB1_11  6     GCK/I/O 
(unused)              0       0     0   5     FB1_12        (b)     
(unused)              0       0     0   5     FB1_13        (b)     
(unused)              0       0     0   5     FB1_14  7     GCK/I/O 
(unused)              0       0     0   5     FB1_15  8     I/O     
(unused)              0       0     0   5     FB1_16        (b)     
(unused)              0       0     0   5     FB1_17  9     I/O     
(unused)              0       0     0   5     FB1_18        (b)     

Signals Used by Logic in Function Block
  1: ALOAD              2: D<0>               3: tmp<0>.LFBK 

Signal                        1         2         3         4 Signals FB
Name                0----+----0----+----0----+----0----+----0 Used    Inputs
Q<0>                 XXX..................................... 3       3
                    0----+----1----+----2----+----3----+----4
                              0         0         0         0
*********************************** FB2  ***********************************
Number of function block inputs used/remaining:               6/30
Number of signals used by logic mapping into function block:  6
Signal              Total   Imp   Exp Unused  Loc     Pin   Pin     Pin
Name                Pt      Pt    Pt  Pt               #    Type    Use
(unused)              0       0     0   5     FB2_1         (b)     
Q<3>                  5       0     0   0     FB2_2   35    I/O     O
(unused)              0       0     0   5     FB2_3         (b)     
(unused)              0       0     0   5     FB2_4         (b)     
(unused)              0       0     0   5     FB2_5   36    I/O     I
(unused)              0       0     0   5     FB2_6   37    I/O     
(unused)              0       0     0   5     FB2_7         (b)     
(unused)              0       0     0   5     FB2_8   38    I/O     I
(unused)              0       0     0   5     FB2_9   39    GSR/I/O 
(unused)              0       0     0   5     FB2_10        (b)     
(unused)              0       0     0   5     FB2_11  40    GTS/I/O 
(unused)              0       0     0   5     FB2_12        (b)     
(unused)              0       0     0   5     FB2_13        (b)     
(unused)              0       0     0   5     FB2_14  42    GTS/I/O 
(unused)              0       0     0   5     FB2_15  43    I/O     I
(unused)              0       0     0   5     FB2_16        (b)     
(unused)              0       0     0   5     FB2_17  44    I/O     
(unused)              0       0     0   5     FB2_18        (b)     

Signals Used by Logic in Function Block
  1: ALOAD              3: Q<0>.PIN           5: Q<2>.PIN 
  2: D<3>               4: Q<1>.PIN           6: tmp<3>.LFBK 

Signal                        1         2         3         4 Signals FB
Name                0----+----0----+----0----+----0----+----0 Used    Inputs
Q<3>                 XXXXXX.................................. 6       6
                    0----+----1----+----2----+----3----+----4
                              0         0         0         0
*********************************** FB3  ***********************************
Number of function block inputs used/remaining:               5/31
Number of signals used by logic mapping into function block:  5
Signal              Total   Imp   Exp Unused  Loc     Pin   Pin     Pin
Name                Pt      Pt    Pt  Pt               #    Type    Use
(unused)              0       0     0   5     FB3_1         (b)     
Q<2>                  5       0     0   0     FB3_2   11    I/O     I/O
(unused)              0       0     0   5     FB3_3         (b)     
(unused)              0       0     0   5     FB3_4         (b)     
(unused)              0       0     0   5     FB3_5   12    I/O     
(unused)              0       0     0   5     FB3_6         (b)     
(unused)              0       0     0   5     FB3_7         (b)     
(unused)              0       0     0   5     FB3_8   13    I/O     
(unused)              0       0     0   5     FB3_9   14    I/O     
(unused)              0       0     0   5     FB3_10        (b)     
(unused)              0       0     0   5     FB3_11  18    I/O     
(unused)              0       0     0   5     FB3_12        (b)     
(unused)              0       0     0   5     FB3_13        (b)     
(unused)              0       0     0   5     FB3_14  19    I/O     
(unused)              0       0     0   5     FB3_15  20    I/O     
(unused)              0       0     0   5     FB3_16        (b)     
(unused)              0       0     0   5     FB3_17  22    I/O     
(unused)              0       0     0   5     FB3_18        (b)     

Signals Used by Logic in Function Block
  1: ALOAD              3: Q<0>.PIN           5: tmp<2>.LFBK 
  2: D<2>               4: Q<1>.PIN         

Signal                        1         2         3         4 Signals FB
Name                0----+----0----+----0----+----0----+----0 Used    Inputs
Q<2>                 XXXXX................................... 5       5
                    0----+----1----+----2----+----3----+----4
                              0         0         0         0
*********************************** FB4  ***********************************
Number of function block inputs used/remaining:               4/32
Number of signals used by logic mapping into function block:  4
Signal              Total   Imp   Exp Unused  Loc     Pin   Pin     Pin
Name                Pt      Pt    Pt  Pt               #    Type    Use
(unused)              0       0     0   5     FB4_1         (b)     
Q<1>                  5       0     0   0     FB4_2   24    I/O     I/O
(unused)              0       0     0   5     FB4_3         (b)     
(unused)              0       0     0   5     FB4_4         (b)     
(unused)              0       0     0   5     FB4_5   25    I/O     
(unused)              0       0     0   5     FB4_6         (b)     
(unused)              0       0     0   5     FB4_7         (b)     
(unused)              0       0     0   5     FB4_8   26    I/O     
(unused)              0       0     0   5     FB4_9   27    I/O     
(unused)              0       0     0   5     FB4_10        (b)     
(unused)              0       0     0   5     FB4_11  28    I/O     I
(unused)              0       0     0   5     FB4_12        (b)     
(unused)              0       0     0   5     FB4_13        (b)     
(unused)              0       0     0   5     FB4_14  29    I/O     
(unused)              0       0     0   5     FB4_15  33    I/O     
(unused)              0       0     0   5     FB4_16        (b)     
(unused)              0       0     0   5     FB4_17  34    I/O     
(unused)              0       0     0   5     FB4_18        (b)     

Signals Used by Logic in Function Block
  1: ALOAD              3: Q<0>.PIN           4: tmp<1>.LFBK 
  2: D<1>             

Signal                        1         2         3         4 Signals FB
Name                0----+----0----+----0----+----0----+----0 Used    Inputs
Q<1>                 XXXX.................................... 4       4
                    0----+----1----+----2----+----3----+----4
                              0         0         0         0
*******************************  Equations  ********************************

********** Mapped Logic **********

FDCPE_Q0: FDCPE port map (Q(0),Q_D(0),C,Q_CLR(0),Q_PRE(0));
Q_D(0) <= ((ALOAD AND D(0))
	OR (NOT ALOAD AND NOT tmp(0).LFBK));
Q_CLR(0) <= (ALOAD AND NOT D(0));
Q_PRE(0) <= (ALOAD AND D(0));

FDCPE_Q1: FDCPE port map (Q(1),Q_D(1),C,Q_CLR(1),Q_PRE(1));
Q_D(1) <= ((ALOAD AND D(1))
	OR (NOT ALOAD AND tmp(1).LFBK AND NOT Q(0).PIN)
	OR (NOT ALOAD AND NOT tmp(1).LFBK AND Q(0).PIN));
Q_CLR(1) <= (ALOAD AND NOT D(1));
Q_PRE(1) <= (ALOAD AND D(1));

FTCPE_Q2: FTCPE port map (Q(2),Q_T(2),C,Q_CLR(2),Q_PRE(2));
Q_T(2) <= ((ALOAD AND D(2) AND NOT tmp(2).LFBK)
	OR (ALOAD AND NOT D(2) AND tmp(2).LFBK)
	OR (NOT ALOAD AND Q(0).PIN AND Q(1).PIN));
Q_CLR(2) <= (ALOAD AND NOT D(2));
Q_PRE(2) <= (ALOAD AND D(2));

FTCPE_Q3: FTCPE port map (Q(3),Q_T(3),C,Q_CLR(3),Q_PRE(3));
Q_T(3) <= ((ALOAD AND D(3) AND NOT tmp(3).LFBK)
	OR (ALOAD AND NOT D(3) AND tmp(3).LFBK)
	OR (NOT ALOAD AND Q(0).PIN AND Q(1).PIN AND Q(2).PIN));
Q_CLR(3) <= (ALOAD AND NOT D(3));
Q_PRE(3) <= (ALOAD AND D(3));

Register Legend:
 FDCPE (Q,D,C,CLR,PRE); 
 FTCPE (Q,D,C,CLR,PRE); 
 LDCP  (Q,D,G,CLR,PRE); 

******************************  Device Pin Out *****************************

Device : XC9572-7-PC44


   --------------------------------  
  /6  5  4  3  2  1  44 43 42 41 40 \
 | 7                             39 | 
 | 8                             38 | 
 | 9                             37 | 
 | 10                            36 | 
 | 11         XC9572-7-PC44      35 | 
 | 12                            34 | 
 | 13                            33 | 
 | 14                            32 | 
 | 15                            31 | 
 | 16                            30 | 
 | 17                            29 | 
 \ 18 19 20 21 22 23 24 25 26 27 28 /
   --------------------------------  


Pin Signal                         Pin Signal                        
No. Name                           No. Name                          
  1 Q<0>                             23 GND                           
  2 TIE                              24 Q<1>                          
  3 TIE                              25 TIE                           
  4 D<1>                             26 TIE                           
  5 C                                27 TIE                           
  6 TIE                              28 D<2>                          
  7 TIE                              29 TIE                           
  8 TIE                              30 TDO                           
  9 TIE                              31 GND                           
 10 GND                              32 VCC                           
 11 Q<2>                             33 TIE                           
 12 TIE                              34 TIE                           
 13 TIE                              35 Q<3>                          
 14 TIE                              36 D<0>                          
 15 TDI                              37 TIE                           
 16 TMS                              38 ALOAD                         
 17 TCK                              39 TIE                           
 18 TIE                              40 TIE                           
 19 TIE                              41 VCC                           
 20 TIE                              42 TIE                           
 21 VCC                              43 D<3>                          
 22 TIE                              44 TIE                           


Legend :  NC  = Not Connected, unbonded pin
         PGND = Unused I/O configured as additional Ground pin
         TIE  = Unused I/O floating -- must tie to VCC, GND or other signal
         VCC  = Dedicated Power Pin
         GND  = Dedicated Ground Pin
         TDI  = Test Data In, JTAG pin
         TDO  = Test Data Out, JTAG pin
         TCK  = Test Clock, JTAG pin
         TMS  = Test Mode Select, JTAG pin
  PROHIBITED  = User reserved pin
****************************  Compiler Options  ****************************

Following is a list of all global compiler options used by the fitter run.

Device(s) Specified                         : xc9572-7-PC44
Optimization Method                         : SPEED
Multi-Level Logic Optimization              : ON
Ignore Timing Specifications                : OFF
Default Register Power Up Value             : LOW
Keep User Location Constraints              : ON
What-You-See-Is-What-You-Get                : OFF
Exhaustive Fitting                          : OFF
Keep Unused Inputs                          : OFF
Slew Rate                                   : FAST
Power Mode                                  : STD
Ground on Unused IOs                        : OFF
Global Clock Optimization                   : ON
Global Set/Reset Optimization               : ON
Global Ouput Enable Optimization            : ON
FASTConnect/UIM optimzation                 : ON
Local Feedback                              : ON
Pin Feedback                                : ON
Input Limit                                 : 36
Pterm Limit                                 : 25
